[16:56:43.692] Cloning github.com/HyxiaoGe/fusion-ui (Branch: master, Commit: 9892f4b)
[16:56:43.878] Previous build caches not available
[16:56:43.991] Cloning completed: 299.000ms
[16:56:44.294] Running build in Washington, D.C., USA (East) – iad1
[16:56:44.452] Running "vercel build"
[16:56:44.821] Vercel CLI 41.4.1
[16:56:45.143] Installing dependencies...
[16:56:50.999] npm warn deprecated rimraf@3.0.2: Rimraf versions prior to v4 are no longer supported
[16:56:52.793] npm warn deprecated npmlog@6.0.2: This package is no longer supported.
[16:56:56.137] npm warn deprecated inflight@1.0.6: This module is not supported, and leaks memory. Do not use it. Check out lru-cache if you want a good and tested way to coalesce async requests by a key value, which is much more comprehensive and powerful.
[16:56:56.850] npm warn deprecated glob@7.2.3: Glob versions prior to v9 are no longer supported
[16:56:57.532] npm warn deprecated gauge@4.0.4: This package is no longer supported.
[16:57:00.004] npm warn deprecated boolean@3.2.0: Package no longer supported. Contact Support at https://www.npmjs.com/support for more info.
[16:57:00.364] npm warn deprecated are-we-there-yet@3.0.1: This package is no longer supported.
[16:57:01.911] npm warn deprecated @npmcli/move-file@2.0.1: This functionality has been moved to @npmcli/fs
[16:57:05.022] npm warn deprecated glob@8.1.0: Glob versions prior to v9 are no longer supported
[16:57:42.910] 
[16:57:42.911] added 1177 packages in 58s
[16:57:42.912] 
[16:57:42.912] 392 packages are looking for funding
[16:57:42.912]   run `npm fund` for details
[16:57:42.957] Detected Next.js version: 15.2.0
[16:57:42.968] Running "npm run build"
[16:57:43.082] 
[16:57:43.082] > build
[16:57:43.082] > next build && electron-builder
[16:57:43.082] 
[16:57:46.067] Attention: Next.js now collects completely anonymous telemetry regarding usage.
[16:57:46.068] This information is used to shape Next.js' roadmap and prioritize features.
[16:57:46.068] You can learn more, including how to opt-out if you'd not like to participate in this anonymous program, by visiting the following URL:
[16:57:46.068] https://nextjs.org/telemetry
[16:57:46.069] 
[16:57:46.148]    ▲ Next.js 15.2.0
[16:57:46.149]    - Environments: .env.local
[16:57:46.149] 
[16:57:46.228]    Creating an optimized production build ...
[16:58:18.926]  ✓ Compiled successfully
[16:58:18.931]    Linting and checking validity of types ...
[16:58:19.280] (node:458) ESLintIgnoreWarning: The ".eslintignore" file is no longer supported. Switch to using the "ignores" property in "eslint.config.js": https://eslint.org/docs/latest/use/configure/migration-guide#ignoring-files
[16:58:19.280] (Use `node --trace-warnings ...` to show where the warning was created)
[16:58:27.215] 
[16:58:27.216] Failed to compile.
[16:58:27.228] 
[16:58:27.229] ./src/app/page.tsx
[16:58:27.229] 66:10  Error: 'isSyncing' is assigned a value but never used.  @typescript-eslint/no-unused-vars
[16:58:27.229] 120:6  Warning: React Hook useEffect has missing dependencies: 'activeChatId' and 'chats'. Either include them or remove the dependency array.  react-hooks/exhaustive-deps
[16:58:27.229] 185:9  Error: 'handleChatSelected' is assigned a value but never used.  @typescript-eslint/no-unused-vars
[16:58:27.229] 
[16:58:27.229] ./src/app/settings/AvatarSelector.tsx
[16:58:27.229] 15:50  Error: 'id' is defined but never used.  @typescript-eslint/no-unused-vars
[16:58:27.229] 
[16:58:27.229] ./src/components/chat/ChatInput.tsx
[16:58:27.230] 14:8  Error: 'FilePreviewList' is defined but never used.  @typescript-eslint/no-unused-vars
[16:58:27.230] 55:28  Error: 'setUseNewFileUpload' is assigned a value but never used.  @typescript-eslint/no-unused-vars
[16:58:27.230] 440:9  Error: 'handleClearFiles' is assigned a value but never used.  @typescript-eslint/no-unused-vars
[16:58:27.230] 476:9  Error: 'handleFileUploadClick' is assigned a value but never used.  @typescript-eslint/no-unused-vars
[16:58:27.230] 623:34  Error: 'index' is defined but never used.  @typescript-eslint/no-unused-vars
[16:58:27.230] 
[16:58:27.231] ./src/components/chat/ChatMessage.tsx
[16:58:27.231] 9:38  Error: 'Lightbulb' is defined but never used.  @typescript-eslint/no-unused-vars
[16:58:27.231] 9:49  Error: 'FileText' is defined but never used.  @typescript-eslint/no-unused-vars
[16:58:27.231] 9:59  Error: 'Image' is defined but never used.  @typescript-eslint/no-unused-vars
[16:58:27.231] 9:66  Error: 'Film' is defined but never used.  @typescript-eslint/no-unused-vars
[16:58:27.231] 9:72  Error: 'PenLine' is defined but never used.  @typescript-eslint/no-unused-vars
[16:58:27.231] 9:81  Error: 'RotateCcw' is defined but never used.  @typescript-eslint/no-unused-vars
[16:58:27.232] 9:92  Error: 'FileArchive' is defined but never used.  @typescript-eslint/no-unused-vars
[16:58:27.232] 10:38  Error: 'useRef' is defined but never used.  @typescript-eslint/no-unused-vars
[16:58:27.233] 262:29  Error: 'node' is defined but never used.  @typescript-eslint/no-unused-vars
[16:58:27.233] 265:30  Error: 'node' is defined but never used.  @typescript-eslint/no-unused-vars
[16:58:27.233] 393:7  Error: 'styles' is assigned a value but never used.  @typescript-eslint/no-unused-vars
[16:58:27.233] 
[16:58:27.233] ./src/components/chat/FileCard.tsx
[16:58:27.233] 11:8  Error: 'ImagePreview' is defined but never used.  @typescript-eslint/no-unused-vars
[16:58:27.233] 
[16:58:27.234] ./src/components/chat/FilePreviewItem.tsx
[16:58:27.234] 14:3  Error: 'previewUrl' is defined but never used.  @typescript-eslint/no-unused-vars
[16:58:27.234] 
[16:58:27.239] ./src/components/chat/FileUpload.tsx
[16:58:27.239] 17:10  Error: 'AlertCircle' is defined but never used.  @typescript-eslint/no-unused-vars
[16:58:27.239] 69:10  Error: 'uploadedFiles' is assigned a value but never used.  @typescript-eslint/no-unused-vars
[16:58:27.240] 71:10  Error: 'error' is assigned a value but never used.  @typescript-eslint/no-unused-vars
[16:58:27.240] 72:9  Error: 'maxSizeBytes' is assigned a value but never used.  @typescript-eslint/no-unused-vars
[16:58:27.240] 219:67  Error: The `Function` type accepts any function-like value.
[16:58:27.240] Prefer explicitly defining any function parameters and return type.  @typescript-eslint/no-unsafe-function-type
[16:58:27.240] 219:84  Error: The `Function` type accepts any function-like value.
[16:58:27.240] Prefer explicitly defining any function parameters and return type.  @typescript-eslint/no-unsafe-function-type
[16:58:27.248] 219:104  Error: The `Function` type accepts any function-like value.
[16:58:27.249] Prefer explicitly defining any function parameters and return type.  @typescript-eslint/no-unsafe-function-type
[16:58:27.249] 219:121  Error: The `Function` type accepts any function-like value.
[16:58:27.250] Prefer explicitly defining any function parameters and return type.  @typescript-eslint/no-unsafe-function-type
[16:58:27.251] 398:61  Error: 'index' is defined but never used.  @typescript-eslint/no-unused-vars
[16:58:27.251] 
[16:58:27.251] ./src/components/chat/ImagePreview.tsx
[16:58:27.251] 3:17  Error: 'useState' is defined but never used.  @typescript-eslint/no-unused-vars
[16:58:27.251] 12:54  Error: 'file' is defined but never used.  @typescript-eslint/no-unused-vars
[16:58:27.251] 
[16:58:27.252] ./src/components/chat/MarkdownRenderer.tsx
[16:58:27.252] 22:19  Error: 'node' is defined but never used.  @typescript-eslint/no-unused-vars
[16:58:27.252] 23:20  Error: 'node' is defined but never used.  @typescript-eslint/no-unused-vars
[16:58:27.252] 35:21  Error: 'node' is defined but never used.  @typescript-eslint/no-unused-vars
[16:58:27.252] 40:18  Error: 'node' is defined but never used.  @typescript-eslint/no-unused-vars
[16:58:27.252] 43:18  Error: 'node' is defined but never used.  @typescript-eslint/no-unused-vars
[16:58:27.253] 
[16:58:27.253] ./src/components/chat/ReasoningContent.tsx
[16:58:27.253] 52:33  Error: React Hook "useState" is called conditionally. React Hooks must be called in the exact same order in every component render.  react-hooks/rules-of-hooks
[16:58:27.253] 54:45  Error: React Hook "useState" is called conditionally. React Hooks must be called in the exact same order in every component render.  react-hooks/rules-of-hooks
[16:58:27.253] 56:22  Error: React Hook "useRef" is called conditionally. React Hooks must be called in the exact same order in every component render.  react-hooks/rules-of-hooks
[16:58:27.261] 58:30  Error: React Hook "useRef" is called conditionally. React Hooks must be called in the exact same order in every component render.  react-hooks/rules-of-hooks
[16:58:27.262] 61:3  Error: React Hook "useEffect" is called conditionally. React Hooks must be called in the exact same order in every component render.  react-hooks/rules-of-hooks
[16:58:27.262] 68:3  Error: React Hook "useEffect" is called conditionally. React Hooks must be called in the exact same order in every component render.  react-hooks/rules-of-hooks
[16:58:27.262] 84:6  Warning: React Hook useEffect has a missing dependency: 'contentHeight'. Either include it or remove the dependency array.  react-hooks/exhaustive-deps
[16:58:27.262] 87:3  Error: React Hook "useEffect" is called conditionally. React Hooks must be called in the exact same order in every component render.  react-hooks/rules-of-hooks
[16:58:27.262] 109:3  Error: React Hook "useEffect" is called conditionally. React Hooks must be called in the exact same order in every component render.  react-hooks/rules-of-hooks
[16:58:27.263] 118:51  Error: React Hook "useState" is called conditionally. React Hooks must be called in the exact same order in every component render.  react-hooks/rules-of-hooks
[16:58:27.263] 119:35  Error: React Hook "useState" is called conditionally. React Hooks must be called in the exact same order in every component render.  react-hooks/rules-of-hooks
[16:58:27.263] 120:20  Error: React Hook "useRef" is called conditionally. React Hooks must be called in the exact same order in every component render.  react-hooks/rules-of-hooks
[16:58:27.263] 121:23  Error: React Hook "useRef" is called conditionally. React Hooks must be called in the exact same order in every component render.  react-hooks/rules-of-hooks
[16:58:27.263] 124:3  Error: React Hook "useEffect" is called conditionally. React Hooks must be called in the exact same order in every component render.  react-hooks/rules-of-hooks
[16:58:27.263] 146:3  Error: React Hook "useEffect" is called conditionally. React Hooks must be called in the exact same order in every component render.  react-hooks/rules-of-hooks
[16:58:27.263] 179:35  Error: React Hook "useState" is called conditionally. React Hooks must be called in the exact same order in every component render.  react-hooks/rules-of-hooks
[16:58:27.264] 314:33  Error: 'node' is defined but never used.  @typescript-eslint/no-unused-vars
[16:58:27.264] 317:34  Error: 'node' is defined but never used.  @typescript-eslint/no-unused-vars
[16:58:27.264] 329:32  Error: 'node' is defined but never used.  @typescript-eslint/no-unused-vars
[16:58:27.264] 332:32  Error: 'node' is defined but never used.  @typescript-eslint/no-unused-vars
[16:58:27.264] 335:32  Error: 'node' is defined but never used.  @typescript-eslint/no-unused-vars
[16:58:27.264] 338:31  Error: 'node' is defined but never used.  @typescript-eslint/no-unused-vars
[16:58:27.264] 341:32  Error: 'node' is defined but never used.  @typescript-eslint/no-unused-vars
[16:58:27.264] 344:32  Error: 'node' is defined but never used.  @typescript-eslint/no-unused-vars
[16:58:27.264] 347:32  Error: 'node' is defined but never used.  @typescript-eslint/no-unused-vars
[16:58:27.264] 391:29  Error: 'node' is defined but never used.  @typescript-eslint/no-unused-vars
[16:58:27.264] 394:30  Error: 'node' is defined but never used.  @typescript-eslint/no-unused-vars
[16:58:27.264] 406:28  Error: 'node' is defined but never used.  @typescript-eslint/no-unused-vars
[16:58:27.264] 409:28  Error: 'node' is defined but never used.  @typescript-eslint/no-unused-vars
[16:58:27.265] 412:28  Error: 'node' is defined but never used.  @typescript-eslint/no-unused-vars
[16:58:27.265] 415:27  Error: 'node' is defined but never used.  @typescript-eslint/no-unused-vars
[16:58:27.265] 418:28  Error: 'node' is defined but never used.  @typescript-eslint/no-unused-vars
[16:58:27.265] 421:28  Error: 'node' is defined but never used.  @typescript-eslint/no-unused-vars
[16:58:27.265] 424:28  Error: 'node' is defined but never used.  @typescript-eslint/no-unused-vars
[16:58:27.265] 
[16:58:27.265] ./src/components/debug/DatabaseDebugPage.tsx
[16:58:27.265] 30:10  Error: 'previewChatId' is assigned a value but never used.  @typescript-eslint/no-unused-vars
[16:58:27.265] 
[16:58:27.265] ./src/components/home/HomePage.tsx
[16:58:27.265] 27:7  Error: 'hotTopics' is assigned a value but never used.  @typescript-eslint/no-unused-vars
[16:58:27.266] 68:9  Error: 'refreshIntervalRef' is assigned a value but never used.  @typescript-eslint/no-unused-vars
[16:58:27.266] 74:9  Error: 'MIN_TRACK_SPACING' is assigned a value but never used.  @typescript-eslint/no-unused-vars
[16:58:27.266] 76:9  Error: 'MIN_VERTICAL_SPACING' is assigned a value but never used.  @typescript-eslint/no-unused-vars
[16:58:27.266] 344:73  Error: 'id' is defined but never used.  @typescript-eslint/no-unused-vars
[16:58:27.266] 419:6  Warning: React Hook useEffect has a missing dependency: 'getAvailableTrack'. Either include it or remove the dependency array.  react-hooks/exhaustive-deps
[16:58:27.266] 476:28  Error: 'e' is defined but never used.  @typescript-eslint/no-unused-vars
[16:58:27.266] 482:28  Error: 'e' is defined but never used.  @typescript-eslint/no-unused-vars
[16:58:27.266] 520:7  Error: 'WelcomeCard' is assigned a value but never used.  @typescript-eslint/no-unused-vars
[16:58:27.266] 605:7  Error: 'QuickStartCard' is assigned a value but never used.  @typescript-eslint/no-unused-vars
[16:58:27.267] 992:6  Warning: React Hook useEffect has a missing dependency: 'getNextRefreshTime'. Either include it or remove the dependency array.  react-hooks/exhaustive-deps
[16:58:27.267] 1055:7  Error: 'ModelCapabilitiesSection' is assigned a value but never used.  @typescript-eslint/no-unused-vars
[16:58:27.267] 1067:13  Warning: Image elements must have an alt prop, either with meaningful text, or an empty string for decorative images.  jsx-a11y/alt-text
[16:58:27.267] 1336:21  Warning: Image elements must have an alt prop, either with meaningful text, or an empty string for decorative images.  jsx-a11y/alt-text
[16:58:27.267] 
[16:58:27.267] ./src/components/ui/error-toast.tsx
[16:58:27.267] 14:7  Error: 'ErrorToast' is assigned a value but never used.  @typescript-eslint/no-unused-vars
[16:58:27.267] 
[16:58:27.267] ./src/components/ui/toast.tsx
[16:58:27.267] 27:9  Error: Expected an assignment or function call and instead saw an expression.  @typescript-eslint/no-unused-expressions
[16:58:27.268] 
[16:58:27.268] ./src/electron/main.js
[16:58:27.268] 1:29  Error: 'ipcMain' is assigned a value but never used.  @typescript-eslint/no-unused-vars
[16:58:27.268] 1:50  Error: A `require()` style import is forbidden.  @typescript-eslint/no-require-imports
[16:58:27.268] 2:14  Error: A `require()` style import is forbidden.  @typescript-eslint/no-require-imports
[16:58:27.268] 73:84  Error: A `require()` style import is forbidden.  @typescript-eslint/no-require-imports
[16:58:27.268] 
[16:58:27.268] ./src/electron/preload.js
[16:58:27.268] 1:40  Error: A `require()` style import is forbidden.  @typescript-eslint/no-require-imports
[16:58:27.269] 
[16:58:27.269] ./src/lib/db/importData.ts
[16:58:27.269] 1:14  Error: 'chatStore' is defined but never used.  @typescript-eslint/no-unused-vars
[16:58:27.269] 1:25  Error: 'settingsStore' is defined but never used.  @typescript-eslint/no-unused-vars
[16:58:27.269] 2:16  Error: 'Message' is defined but never used.  @typescript-eslint/no-unused-vars
[16:58:27.269] 5:16  Error: 'uuidv4' is defined but never used.  @typescript-eslint/no-unused-vars
[16:58:27.269] 75:27  Error: '_' is assigned a value but never used.  @typescript-eslint/no-unused-vars
[16:58:27.273] 
[16:58:27.273] ./src/lib/utils/dateUtils.ts
[16:58:27.273] 3:5  Error: 'formatDistance' is defined but never used.  @typescript-eslint/no-unused-vars
[16:58:27.274] 
[16:58:27.274] ./src/lib/utils/markdownUtils.ts
[16:58:27.274] 43:16  Error: 'e' is defined but never used.  @typescript-eslint/no-unused-vars
[16:58:27.274] 
[16:58:27.274] ./src/redux/middleware/persistMiddleware.ts
[16:58:27.274] 40:15  Error: 'type' is assigned a value but never used.  @typescript-eslint/no-unused-vars
[16:58:27.274] 105:21  Error: 'message' is assigned a value but never used.  @typescript-eslint/no-unused-vars
[16:58:27.274] 
[16:58:27.275] ./src/redux/middleware/toastMiddleware.ts
[16:58:27.275] 5:44  Error: 'store' is defined but never used.  @typescript-eslint/no-unused-vars
[16:58:27.275] 
[16:58:27.275] ./src/redux/slices/modelsSlice.ts
[16:58:27.275] 5:18  Error: An interface declaring no members is equivalent to its supertype.  @typescript-eslint/no-empty-object-type
[16:58:27.275] 
[16:58:27.281] ./src/redux/slices/promptTemplatesSlice.ts
[16:58:27.281] 36:14  Error: 'error' is defined but never used.  @typescript-eslint/no-unused-vars
[16:58:27.281] 49:14  Error: 'error' is defined but never used.  @typescript-eslint/no-unused-vars
[16:58:27.281] 72:14  Error: 'error' is defined but never used.  @typescript-eslint/no-unused-vars
[16:58:27.281] 92:14  Error: 'error' is defined but never used.  @typescript-eslint/no-unused-vars
[16:58:27.282] 105:14  Error: 'error' is defined but never used.  @typescript-eslint/no-unused-vars
[16:58:27.282] 
[16:58:27.282] ./src/redux/slices/searchSlice.ts
[16:58:27.282] 88:19  Error: 'conversationId' is defined but never used.  @typescript-eslint/no-unused-vars
[16:58:27.282] 
[16:58:27.282] ./src/redux/store.ts
[16:58:27.282] 20:11  Error: 'state' is assigned a value but never used.  @typescript-eslint/no-unused-vars
[16:58:27.282] 
[16:58:27.283] info  - Need to disable some ESLint rules? Learn more here: https://nextjs.org/docs/app/api-reference/config/eslint#disabling-rules
[16:58:27.293] Error: Command "npm run build" exited with 1
[16:58:27.871] 